[305月2026 22:25:20.749] [main/INFO] [cpw.mods.modlauncher.Launcher/MODLAUNCHER]: ModLauncher running: args [--launchTarget, forgedatadev, --assetIndex, 17, --assetsDir, C:\\Users\\yukke\\.gradle\\caches\\neoformruntime\\assets, --gameDir, ., --fml.fmlVersion, 4.0.42, --fml.mcVersion, 1.21.1, --fml.neoForgeVersion, 21.1.228, --fml.neoFormVersion, 20240808.144430, --mod, cobblestonexxcompressed, --all, --output, D:\\cobblestonexxcompressed-1_21_1\\src\\generated\\resources, --existing, D:\\cobblestonexxcompressed-1_21_1\\src\\main\\resources]
[305月2026 22:25:20.754] [main/INFO] [cpw.mods.modlauncher.Launcher/MODLAUNCHER]: JVM identified as Eclipse Adoptium OpenJDK 64-Bit Server VM 21.0.11+10-LTS
[305月2026 22:25:20.756] [main/INFO] [cpw.mods.modlauncher.Launcher/MODLAUNCHER]: ModLauncher 11.0.5+main.901c6ea8 starting: java version 21.0.11 by Eclipse Adoptium; OS Windows 11 arch amd64 version 10.0
[305月2026 22:25:20.929] [main/INFO] [net.neoforged.fml.loading.ImmediateWindowHandler/]: ImmediateWindowProvider not loading because launch target is forgedatadev
[305月2026 22:25:21.012] [main/INFO] [mixin/]: SpongePowered MIXIN Subsystem Version=0.8.7 Source=union:/C:/Users/yukke/.gradle/caches/modules-2/files-2.1/net.fabricmc/sponge-mixin/0.15.2+mixin.0.8.7/2af2f021d8e02a0220dc27a7a72b4666d66d44ca/sponge-mixin-0.15.2+mixin.0.8.7.jar%23138!/ Service=ModLauncher Env=CLIENT
[305月2026 22:25:21.586] [main/INFO] [net.neoforged.fml.loading.moddiscovery.locators.JarInJarDependencyLocator/]: Found 2 dependencies adding them to mods collection
[305月2026 22:25:21.589] [main/INFO] [net.neoforged.fml.loading.moddiscovery.ModDiscoverer/]: 
     Mod List:
		Name Version (Mod Id)

		Cobblestone xXCompressed 1.1.1 (cobblestonexxcompressed)
		Just Enough Items 19.27.0.340 (jei)
		Minecraft 1.21.1 (minecraft)
		NeoForge 21.1.228 (neoforge)
[305月2026 22:25:23.097] [main/INFO] [cpw.mods.modlauncher.LaunchServiceHandler/MODLAUNCHER]: Launching target 'forgedatadev' with arguments [--gameDir, ., --assetsDir, C:\Users\yukke\.gradle\caches\neoformruntime\assets, --assetIndex, 17, --mod, cobblestonexxcompressed, --all, --output, D:\\cobblestonexxcompressed-1_21_1\\src\\generated\\resources, --existing, D:\\cobblestonexxcompressed-1_21_1\\src\\main\\resources]
[305月2026 22:25:24.390] [main/INFO] [net.neoforged.neoforge.data.loading.DatagenModLoader/]: Initializing Data Gatherer for mods [cobblestonexxcompressed]
[305月2026 22:25:24.415] [main/INFO] [MixinExtras|Service/]: Initializing MixinExtras via com.llamalad7.mixinextras.service.MixinExtrasServiceImpl(version=0.5.3).
[305月2026 22:25:32.368] [modloading-worker-0/INFO] [net.neoforged.neoforge.common.NeoForgeMod/NEOFORGE-MOD]: NeoForge mod loading, version 21.1.228, for MC 1.21.1
[305月2026 22:25:32.658] [modloading-worker-0/INFO] [mezz.jei.library.load.PluginCaller/]: Sending ConfigManager...
[305月2026 22:25:32.664] [modloading-worker-0/INFO] [mezz.jei.library.load.PluginCaller/]: Sending ConfigManager took 3.562 milliseconds
[305月2026 22:25:33.177] [main/WARN] [net.minecraft.server.packs.VanillaPackResourcesBuilder/]: Assets URL 'union:/D:/cobblestonexxcompressed-1_21_1/build/moddev/artifacts/neoforge-21.1.228.jar%23189!/assets/.mcassetsroot' uses unexpected schema
[305月2026 22:25:33.177] [main/WARN] [net.minecraft.server.packs.VanillaPackResourcesBuilder/]: Assets URL 'union:/D:/cobblestonexxcompressed-1_21_1/build/moddev/artifacts/neoforge-21.1.228.jar%23189!/data/.mcassetsroot' uses unexpected schema
[305月2026 22:25:33.738] [main/INFO] [net.minecraft.data.DataGenerator/]: Starting provider: Block States: cobblestonexxcompressed
[305月2026 22:25:33.872] [main/INFO] [net.minecraft.data.DataGenerator/]: Block States: cobblestonexxcompressed finished after 132 ms
[305月2026 22:25:33.872] [main/INFO] [net.minecraft.data.DataGenerator/]: Starting provider: Item Models: cobblestonexxcompressed
[305月2026 22:25:33.938] [main/INFO] [net.minecraft.data.DataGenerator/]: Item Models: cobblestonexxcompressed finished after 65 ms
[305月2026 22:25:33.938] [main/INFO] [net.minecraft.data.DataGenerator/]: Starting provider: Languages: en_us for mod: cobblestonexxcompressed
[305月2026 22:25:33.954] [main/INFO] [net.minecraft.data.DataGenerator/]: Languages: en_us for mod: cobblestonexxcompressed finished after 16 ms
[305月2026 22:25:33.955] [main/INFO] [net.minecraft.data.DataGenerator/]: Starting provider: Languages: ja_jp for mod: cobblestonexxcompressed
[305月2026 22:25:33.956] [main/INFO] [net.minecraft.data.DataGenerator/]: Languages: ja_jp for mod: cobblestonexxcompressed finished after 1 ms
[305月2026 22:25:33.956] [main/INFO] [net.minecraft.data.DataGenerator/]: Starting provider: Recipes
[305月2026 22:25:34.391] [main/INFO] [net.minecraft.data.DataGenerator/]: Recipes finished after 434 ms
[305月2026 22:25:34.391] [main/INFO] [net.minecraft.data.DataGenerator/]: Starting provider: Tags for minecraft:block mod id cobblestonexxcompressed
[305月2026 22:25:34.399] [main/INFO] [net.minecraft.data.DataGenerator/]: Tags for minecraft:block mod id cobblestonexxcompressed finished after 7 ms
[305月2026 22:25:34.400] [main/INFO] [net.minecraft.data.DataGenerator/]: Starting provider: Tags for minecraft:item mod id cobblestonexxcompressed
[305月2026 22:25:34.402] [main/INFO] [net.minecraft.data.DataGenerator/]: Tags for minecraft:item mod id cobblestonexxcompressed finished after 2 ms
[305月2026 22:25:34.402] [main/INFO] [net.minecraft.data.DataGenerator/]: Starting provider: CobblestonexXCompressed Block Loot Tables
[305月2026 22:25:34.408] [main/INFO] [net.minecraft.data.DataGenerator/]: CobblestonexXCompressed Block Loot Tables finished after 5 ms
[305月2026 22:25:34.409] [main/INFO] [net.minecraft.data.DataGenerator/]: Starting provider: Global Loot Modifiers : cobblestonexxcompressed
[305月2026 22:25:34.425] [main/INFO] [net.minecraft.data.DataGenerator/]: Global Loot Modifiers : cobblestonexxcompressed finished after 15 ms
[305月2026 22:25:34.425] [main/INFO] [net.minecraft.data.DataGenerator/]: All providers took: 687 ms
[305月2026 22:25:34.438] [main/INFO] [net.minecraft.data.HashCache/]: Caching: total files: 1560, old count: 1560, new count: 1561, removed stale: 0, written: 0
